<?xml version='1.0' encoding='UTF-8' ?>
<testsuite name="org.jetbrains.android_benchmark.AckermannBenchmark" tests="48" failures="0" errors="0" skipped="0" time="978.186" timestamp="2023-04-27T20:31:16" hostname="localhost">
  <properties>
    <property name="device" value="SM-A515F - 13" />
    <property name="flavor" value="" />
    <property name="project" value=":android-benchmark" />
  </properties>
  <testcase name="valueDouble" classname="org.jetbrains.android_benchmark.AckermannBenchmark" time="113.091" />
  <testcase name="mutableRefIntIn1Long" classname="org.jetbrains.android_benchmark.AckermannBenchmark" time="4.836" />
  <testcase name="valueInt" classname="org.jetbrains.android_benchmark.AckermannBenchmark" time="9.017" />
  <testcase name="valuePreserveBoxDouble" classname="org.jetbrains.android_benchmark.AckermannBenchmark" time="17.571" />
  <testcase name="valuePreserveBoxFloat" classname="org.jetbrains.android_benchmark.AckermannBenchmark" time="7.226" />
  <testcase name="mutableRefLong" classname="org.jetbrains.android_benchmark.AckermannBenchmark" time="6.593" />
  <testcase name="valueLong" classname="org.jetbrains.android_benchmark.AckermannBenchmark" time="9.451" />
  <testcase name="baselineLong" classname="org.jetbrains.android_benchmark.AckermannBenchmark" time="9.283" />
  <testcase name="baselineDouble" classname="org.jetbrains.android_benchmark.AckermannBenchmark" time="10.781" />
  <testcase name="valuePreserveBoxLong" classname="org.jetbrains.android_benchmark.AckermannBenchmark" time="9.285" />
  <testcase name="mutableRefDouble" classname="org.jetbrains.android_benchmark.AckermannBenchmark" time="5.004" />
  <testcase name="mutableRefFloatIn1Long" classname="org.jetbrains.android_benchmark.AckermannBenchmark" time="6.619" />
  <testcase name="baselineFloat" classname="org.jetbrains.android_benchmark.AckermannBenchmark" time="9.768" />
  <testcase name="longPackFloat" classname="org.jetbrains.android_benchmark.AckermannBenchmark" time="4.525" />
  <testcase name="baselineInt" classname="org.jetbrains.android_benchmark.AckermannBenchmark" time="8.321" />
  <testcase name="valuePreserveBoxInt" classname="org.jetbrains.android_benchmark.AckermannBenchmark" time="6.941" />
  <testcase name="mutableRefFloatIn2Longs" classname="org.jetbrains.android_benchmark.AckermannBenchmark" time="5.399" />
  <testcase name="mutableRefIntIn2Longs" classname="org.jetbrains.android_benchmark.AckermannBenchmark" time="6.399" />
  <testcase name="longPackInt" classname="org.jetbrains.android_benchmark.AckermannBenchmark" time="5.885" />
  <testcase name="valueFloat" classname="org.jetbrains.android_benchmark.AckermannBenchmark" time="8.374" />
  <testcase name="valueDouble" classname="org.jetbrains.android_benchmark.BoxRecreationBenchmark" time="17.851" />
  <testcase name="valueInt" classname="org.jetbrains.android_benchmark.BoxRecreationBenchmark" time="17.022" />
  <testcase name="valuePreserveBoxDouble" classname="org.jetbrains.android_benchmark.BoxRecreationBenchmark" time="15.256" />
  <testcase name="valuePreserveBoxFloat" classname="org.jetbrains.android_benchmark.BoxRecreationBenchmark" time="4.834" />
  <testcase name="valueLong" classname="org.jetbrains.android_benchmark.BoxRecreationBenchmark" time="16.702" />
  <testcase name="baselineLong" classname="org.jetbrains.android_benchmark.BoxRecreationBenchmark" time="3.535" />
  <testcase name="baselineDouble" classname="org.jetbrains.android_benchmark.BoxRecreationBenchmark" time="6.802" />
  <testcase name="valuePreserveBoxLong" classname="org.jetbrains.android_benchmark.BoxRecreationBenchmark" time="12.978" />
  <testcase name="baselineFloat" classname="org.jetbrains.android_benchmark.BoxRecreationBenchmark" time="3.661" />
  <testcase name="longPackFloat" classname="org.jetbrains.android_benchmark.BoxRecreationBenchmark" time="14.182" />
  <testcase name="baselineInt" classname="org.jetbrains.android_benchmark.BoxRecreationBenchmark" time="3.49" />
  <testcase name="valuePreserveBoxInt" classname="org.jetbrains.android_benchmark.BoxRecreationBenchmark" time="4.068" />
  <testcase name="longPackInt" classname="org.jetbrains.android_benchmark.BoxRecreationBenchmark" time="17.76" />
  <testcase name="valueFloat" classname="org.jetbrains.android_benchmark.BoxRecreationBenchmark" time="17.638" />
  <testcase name="valueDouble" classname="org.jetbrains.android_benchmark.Wolf3dBenchmark" time="55.499" />
  <testcase name="inlineFloat" classname="org.jetbrains.android_benchmark.Wolf3dBenchmark" time="85.121" />
  <testcase name="valuePreserveBoxDouble" classname="org.jetbrains.android_benchmark.Wolf3dBenchmark" time="51.186" />
  <testcase name="valuePreserveBoxFloat" classname="org.jetbrains.android_benchmark.Wolf3dBenchmark" time="37.148" />
  <testcase name="baselineDouble" classname="org.jetbrains.android_benchmark.Wolf3dBenchmark" time="51.083" />
  <testcase name="valueInlineDouble" classname="org.jetbrains.android_benchmark.Wolf3dBenchmark" time="11.992" />
  <testcase name="inlineDouble" classname="org.jetbrains.android_benchmark.Wolf3dBenchmark" time="99.835" />
  <testcase name="mutableRefDouble" classname="org.jetbrains.android_benchmark.Wolf3dBenchmark" time="12.226" />
  <testcase name="mutableRefFloatIn1Long" classname="org.jetbrains.android_benchmark.Wolf3dBenchmark" time="18.072" />
  <testcase name="baselineFloat" classname="org.jetbrains.android_benchmark.Wolf3dBenchmark" time="32.114" />
  <testcase name="longPackFloat" classname="org.jetbrains.android_benchmark.Wolf3dBenchmark" time="12.442" />
  <testcase name="mutableRefFloatIn2Longs" classname="org.jetbrains.android_benchmark.Wolf3dBenchmark" time="15.061" />
  <testcase name="valueInlineFloat" classname="org.jetbrains.android_benchmark.Wolf3dBenchmark" time="14.331" />
  <testcase name="valueFloat" classname="org.jetbrains.android_benchmark.Wolf3dBenchmark" time="31.762" />
</testsuite>