<?xml version='1.0' encoding='UTF-8' ?>
<testsuite name="org.jetbrains.android_benchmark.AndroidBenchmark" tests="12" failures="0" errors="0" skipped="0" time="1164.999" timestamp="2023-04-09T23:47:54" hostname="localhost">
  <properties>
    <property name="device" value="SM-A515F - 13" />
    <property name="flavor" value="" />
    <property name="project" value=":android-benchmark" />
  </properties>
  <testcase name="valueDouble" classname="org.jetbrains.android_benchmark.AndroidBenchmark" time="213.353" />
  <testcase name="inlineFloat" classname="org.jetbrains.android_benchmark.AndroidBenchmark" time="12.937" />
  <testcase name="baselineDouble" classname="org.jetbrains.android_benchmark.AndroidBenchmark" time="16.177" />
  <testcase name="valueInlineDouble" classname="org.jetbrains.android_benchmark.AndroidBenchmark" time="7.451" />
  <testcase name="inlineDouble" classname="org.jetbrains.android_benchmark.AndroidBenchmark" time="16.428" />
  <testcase name="mutableRefDouble" classname="org.jetbrains.android_benchmark.AndroidBenchmark" time="11.42" />
  <testcase name="mutableRefFloatIn1Long" classname="org.jetbrains.android_benchmark.AndroidBenchmark" time="211.055" />
  <testcase name="baselineFloat" classname="org.jetbrains.android_benchmark.AndroidBenchmark" time="215.987" />
  <testcase name="longPackFloat" classname="org.jetbrains.android_benchmark.AndroidBenchmark" time="208.33" />
  <testcase name="mutableRefFloatIn2Longs" classname="org.jetbrains.android_benchmark.AndroidBenchmark" time="203.985" />
  <testcase name="valueInlineFloat" classname="org.jetbrains.android_benchmark.AndroidBenchmark" time="6.822" />
  <testcase name="valueFloat" classname="org.jetbrains.android_benchmark.AndroidBenchmark" time="19.624" />
</testsuite>