<?xml version='1.0' encoding='UTF-8' ?>
<testsuite name="org.jetbrains.android_benchmark.AckermannBenchmark" tests="54" failures="0" errors="0" skipped="0" time="826.264" timestamp="2023-04-29T23:29:34" hostname="localhost">
  <properties>
    <property name="device" value="SM-A515F - 13" />
    <property name="flavor" value="" />
    <property name="project" value=":android-benchmark" />
  </properties>
  <testcase name="mutableUniversalRefIntIn1Long" classname="org.jetbrains.android_benchmark.AckermannBenchmark" time="9.62" />
  <testcase name="valueDouble" classname="org.jetbrains.android_benchmark.AckermannBenchmark" time="8.891" />
  <testcase name="valueInt" classname="org.jetbrains.android_benchmark.AckermannBenchmark" time="8.522" />
  <testcase name="mutableSpecificRefFloat" classname="org.jetbrains.android_benchmark.AckermannBenchmark" time="7.008" />
  <testcase name="valuePreserveBoxDouble" classname="org.jetbrains.android_benchmark.AckermannBenchmark" time="7.598" />
  <testcase name="valuePreserveBoxFloat" classname="org.jetbrains.android_benchmark.AckermannBenchmark" time="11.08" />
  <testcase name="valueLong" classname="org.jetbrains.android_benchmark.AckermannBenchmark" time="9.529" />
  <testcase name="mutableUniversalRefLong" classname="org.jetbrains.android_benchmark.AckermannBenchmark" time="7.266" />
  <testcase name="baselineLong" classname="org.jetbrains.android_benchmark.AckermannBenchmark" time="9.356" />
  <testcase name="mutableUniversalRefDouble" classname="org.jetbrains.android_benchmark.AckermannBenchmark" time="4.777" />
  <testcase name="baselineDouble" classname="org.jetbrains.android_benchmark.AckermannBenchmark" time="11.98" />
  <testcase name="valuePreserveBoxLong" classname="org.jetbrains.android_benchmark.AckermannBenchmark" time="7.623" />
  <testcase name="mutableSpecificRefDouble" classname="org.jetbrains.android_benchmark.AckermannBenchmark" time="7.022" />
  <testcase name="baselineFloat" classname="org.jetbrains.android_benchmark.AckermannBenchmark" time="8.565" />
  <testcase name="longPackFloat" classname="org.jetbrains.android_benchmark.AckermannBenchmark" time="6.507" />
  <testcase name="baselineInt" classname="org.jetbrains.android_benchmark.AckermannBenchmark" time="9.69" />
  <testcase name="valuePreserveBoxInt" classname="org.jetbrains.android_benchmark.AckermannBenchmark" time="6.695" />
  <testcase name="mutableSpecificRefLong" classname="org.jetbrains.android_benchmark.AckermannBenchmark" time="6.617" />
  <testcase name="mutableUniversalRefIntIn2Longs" classname="org.jetbrains.android_benchmark.AckermannBenchmark" time="6.229" />
  <testcase name="mutableUniversalRefFloatIn2Longs" classname="org.jetbrains.android_benchmark.AckermannBenchmark" time="6.537" />
  <testcase name="mutableUniversalRefFloatIn1Long" classname="org.jetbrains.android_benchmark.AckermannBenchmark" time="6.544" />
  <testcase name="longPackInt" classname="org.jetbrains.android_benchmark.AckermannBenchmark" time="5.794" />
  <testcase name="valueFloat" classname="org.jetbrains.android_benchmark.AckermannBenchmark" time="7.156" />
  <testcase name="mutableSpecificRefInt" classname="org.jetbrains.android_benchmark.AckermannBenchmark" time="6.067" />
  <testcase name="valueDouble" classname="org.jetbrains.android_benchmark.BoxRecreationBenchmark" time="17.761" />
  <testcase name="valueInt" classname="org.jetbrains.android_benchmark.BoxRecreationBenchmark" time="17.396" />
  <testcase name="valuePreserveBoxDouble" classname="org.jetbrains.android_benchmark.BoxRecreationBenchmark" time="5.452" />
  <testcase name="valuePreserveBoxFloat" classname="org.jetbrains.android_benchmark.BoxRecreationBenchmark" time="4.04" />
  <testcase name="valueLong" classname="org.jetbrains.android_benchmark.BoxRecreationBenchmark" time="17.234" />
  <testcase name="baselineLong" classname="org.jetbrains.android_benchmark.BoxRecreationBenchmark" time="8.206" />
  <testcase name="baselineDouble" classname="org.jetbrains.android_benchmark.BoxRecreationBenchmark" time="4.146" />
  <testcase name="valuePreserveBoxLong" classname="org.jetbrains.android_benchmark.BoxRecreationBenchmark" time="4.048" />
  <testcase name="baselineFloat" classname="org.jetbrains.android_benchmark.BoxRecreationBenchmark" time="4.189" />
  <testcase name="longPackFloat" classname="org.jetbrains.android_benchmark.BoxRecreationBenchmark" time="16.425" />
  <testcase name="baselineInt" classname="org.jetbrains.android_benchmark.BoxRecreationBenchmark" time="2.904" />
  <testcase name="valuePreserveBoxInt" classname="org.jetbrains.android_benchmark.BoxRecreationBenchmark" time="3.198" />
  <testcase name="longPackInt" classname="org.jetbrains.android_benchmark.BoxRecreationBenchmark" time="18.164" />
  <testcase name="valueFloat" classname="org.jetbrains.android_benchmark.BoxRecreationBenchmark" time="17.609" />
  <testcase name="valueDouble" classname="org.jetbrains.android_benchmark.Wolf3dBenchmark" time="43.372" />
  <testcase name="inlineFloat" classname="org.jetbrains.android_benchmark.Wolf3dBenchmark" time="64.268" />
  <testcase name="mutableSpecificRefFloat" classname="org.jetbrains.android_benchmark.Wolf3dBenchmark" time="12.053" />
  <testcase name="valuePreserveBoxDouble" classname="org.jetbrains.android_benchmark.Wolf3dBenchmark" time="42.978" />
  <testcase name="valuePreserveBoxFloat" classname="org.jetbrains.android_benchmark.Wolf3dBenchmark" time="26.105" />
  <testcase name="mutableUniversalRefDouble" classname="org.jetbrains.android_benchmark.Wolf3dBenchmark" time="14.692" />
  <testcase name="baselineDouble" classname="org.jetbrains.android_benchmark.Wolf3dBenchmark" time="39.283" />
  <testcase name="valueInlineDouble" classname="org.jetbrains.android_benchmark.Wolf3dBenchmark" time="12.775" />
  <testcase name="inlineDouble" classname="org.jetbrains.android_benchmark.Wolf3dBenchmark" time="79.8" />
  <testcase name="mutableSpecificRefDouble" classname="org.jetbrains.android_benchmark.Wolf3dBenchmark" time="10.581" />
  <testcase name="baselineFloat" classname="org.jetbrains.android_benchmark.Wolf3dBenchmark" time="32.343" />
  <testcase name="longPackFloat" classname="org.jetbrains.android_benchmark.Wolf3dBenchmark" time="12.46" />
  <testcase name="valueInlineFloat" classname="org.jetbrains.android_benchmark.Wolf3dBenchmark" time="14.016" />
  <testcase name="mutableUniversalRefFloatIn2Longs" classname="org.jetbrains.android_benchmark.Wolf3dBenchmark" time="14.913" />
  <testcase name="mutableUniversalRefFloatIn1Long" classname="org.jetbrains.android_benchmark.Wolf3dBenchmark" time="18.883" />
  <testcase name="valueFloat" classname="org.jetbrains.android_benchmark.Wolf3dBenchmark" time="29.642" />
</testsuite>