<?xml version='1.0' encoding='UTF-8' ?>
<testsuite name="org.jetbrains.android_benchmark.AckermannBenchmark" tests="48" failures="0" errors="0" skipped="0" time="1380.651" timestamp="2023-04-27T18:33:32" hostname="localhost">
  <properties>
    <property name="device" value="SM-A515F - 13" />
    <property name="flavor" value="" />
    <property name="project" value=":android-benchmark" />
  </properties>
  <testcase name="valueDouble" classname="org.jetbrains.android_benchmark.AckermannBenchmark" time="13.267" />
  <testcase name="mutableRefIntIn1Long" classname="org.jetbrains.android_benchmark.AckermannBenchmark" time="6.329" />
  <testcase name="valueInt" classname="org.jetbrains.android_benchmark.AckermannBenchmark" time="7.714" />
  <testcase name="valuePreserveBoxDouble" classname="org.jetbrains.android_benchmark.AckermannBenchmark" time="7.155" />
  <testcase name="valuePreserveBoxFloat" classname="org.jetbrains.android_benchmark.AckermannBenchmark" time="8.32" />
  <testcase name="mutableRefLong" classname="org.jetbrains.android_benchmark.AckermannBenchmark" time="5.313" />
  <testcase name="valueLong" classname="org.jetbrains.android_benchmark.AckermannBenchmark" time="9.105" />
  <testcase name="baselineLong" classname="org.jetbrains.android_benchmark.AckermannBenchmark" time="8.346" />
  <testcase name="baselineDouble" classname="org.jetbrains.android_benchmark.AckermannBenchmark" time="15.415" />
  <testcase name="valuePreserveBoxLong" classname="org.jetbrains.android_benchmark.AckermannBenchmark" time="8.399" />
  <testcase name="mutableRefDouble" classname="org.jetbrains.android_benchmark.AckermannBenchmark" time="5.446" />
  <testcase name="mutableRefFloatIn1Long" classname="org.jetbrains.android_benchmark.AckermannBenchmark" time="6.69" />
  <testcase name="baselineFloat" classname="org.jetbrains.android_benchmark.AckermannBenchmark" time="11.03" />
  <testcase name="longPackFloat" classname="org.jetbrains.android_benchmark.AckermannBenchmark" time="5.725" />
  <testcase name="baselineInt" classname="org.jetbrains.android_benchmark.AckermannBenchmark" time="9.929" />
  <testcase name="valuePreserveBoxInt" classname="org.jetbrains.android_benchmark.AckermannBenchmark" time="8.519" />
  <testcase name="mutableRefFloatIn2Longs" classname="org.jetbrains.android_benchmark.AckermannBenchmark" time="6.133" />
  <testcase name="mutableRefIntIn2Longs" classname="org.jetbrains.android_benchmark.AckermannBenchmark" time="7.11" />
  <testcase name="longPackInt" classname="org.jetbrains.android_benchmark.AckermannBenchmark" time="5.907" />
  <testcase name="valueFloat" classname="org.jetbrains.android_benchmark.AckermannBenchmark" time="8.163" />
  <testcase name="valueDouble" classname="org.jetbrains.android_benchmark.BoxRecreationBenchmark" time="17.776" />
  <testcase name="valueInt" classname="org.jetbrains.android_benchmark.BoxRecreationBenchmark" time="15.67" />
  <testcase name="valuePreserveBoxDouble" classname="org.jetbrains.android_benchmark.BoxRecreationBenchmark" time="5.009" />
  <testcase name="valuePreserveBoxFloat" classname="org.jetbrains.android_benchmark.BoxRecreationBenchmark" time="4.758" />
  <testcase name="valueLong" classname="org.jetbrains.android_benchmark.BoxRecreationBenchmark" time="18.111" />
  <testcase name="baselineLong" classname="org.jetbrains.android_benchmark.BoxRecreationBenchmark" time="5.67" />
  <testcase name="baselineDouble" classname="org.jetbrains.android_benchmark.BoxRecreationBenchmark" time="10.297" />
  <testcase name="valuePreserveBoxLong" classname="org.jetbrains.android_benchmark.BoxRecreationBenchmark" time="7.365" />
  <testcase name="baselineFloat" classname="org.jetbrains.android_benchmark.BoxRecreationBenchmark" time="7.076" />
  <testcase name="longPackFloat" classname="org.jetbrains.android_benchmark.BoxRecreationBenchmark" time="16.794" />
  <testcase name="baselineInt" classname="org.jetbrains.android_benchmark.BoxRecreationBenchmark" time="5.896" />
  <testcase name="valuePreserveBoxInt" classname="org.jetbrains.android_benchmark.BoxRecreationBenchmark" time="7.732" />
  <testcase name="longPackInt" classname="org.jetbrains.android_benchmark.BoxRecreationBenchmark" time="17.771" />
  <testcase name="valueFloat" classname="org.jetbrains.android_benchmark.BoxRecreationBenchmark" time="17.033" />
  <testcase name="valueDouble" classname="org.jetbrains.android_benchmark.Wolf3dBenchmark" time="45.888" />
  <testcase name="inlineFloat" classname="org.jetbrains.android_benchmark.Wolf3dBenchmark" time="193.278" />
  <testcase name="valuePreserveBoxDouble" classname="org.jetbrains.android_benchmark.Wolf3dBenchmark" time="40.757" />
  <testcase name="valuePreserveBoxFloat" classname="org.jetbrains.android_benchmark.Wolf3dBenchmark" time="29.027" />
  <testcase name="baselineDouble" classname="org.jetbrains.android_benchmark.Wolf3dBenchmark" time="39.866" />
  <testcase name="valueInlineDouble" classname="org.jetbrains.android_benchmark.Wolf3dBenchmark" time="13.535" />
  <testcase name="inlineDouble" classname="org.jetbrains.android_benchmark.Wolf3dBenchmark" time="114.392" />
  <testcase name="mutableRefDouble" classname="org.jetbrains.android_benchmark.Wolf3dBenchmark" time="14.35" />
  <testcase name="mutableRefFloatIn1Long" classname="org.jetbrains.android_benchmark.Wolf3dBenchmark" time="22.54" />
  <testcase name="baselineFloat" classname="org.jetbrains.android_benchmark.Wolf3dBenchmark" time="43.444" />
  <testcase name="longPackFloat" classname="org.jetbrains.android_benchmark.Wolf3dBenchmark" time="219.201" />
  <testcase name="mutableRefFloatIn2Longs" classname="org.jetbrains.android_benchmark.Wolf3dBenchmark" time="13.13" />
  <testcase name="valueInlineFloat" classname="org.jetbrains.android_benchmark.Wolf3dBenchmark" time="110.566" />
  <testcase name="valueFloat" classname="org.jetbrains.android_benchmark.Wolf3dBenchmark" time="123.082" />
</testsuite>