<?xml version='1.0' encoding='UTF-8' ?>
<testsuite name="org.jetbrains.android_benchmark.AndroidBenchmark" tests="12" failures="0" errors="0" skipped="0" time="2628.601" timestamp="2023-04-09T21:27:06" hostname="localhost">
  <properties>
    <property name="device" value="SM-A515F - 13" />
    <property name="flavor" value="" />
    <property name="project" value=":android-benchmark" />
  </properties>
  <testcase name="valueDouble" classname="org.jetbrains.android_benchmark.AndroidBenchmark" time="231.394" />
  <testcase name="inlineFloat" classname="org.jetbrains.android_benchmark.AndroidBenchmark" time="221.045" />
  <testcase name="baselineDouble" classname="org.jetbrains.android_benchmark.AndroidBenchmark" time="218.194" />
  <testcase name="valueInlineDouble" classname="org.jetbrains.android_benchmark.AndroidBenchmark" time="208.234" />
  <testcase name="inlineDouble" classname="org.jetbrains.android_benchmark.AndroidBenchmark" time="225.906" />
  <testcase name="mutableRefDouble" classname="org.jetbrains.android_benchmark.AndroidBenchmark" time="203.934" />
  <testcase name="mutableRefFloatIn1Long" classname="org.jetbrains.android_benchmark.AndroidBenchmark" time="207.109" />
  <testcase name="baselineFloat" classname="org.jetbrains.android_benchmark.AndroidBenchmark" time="216.809" />
  <testcase name="longPackFloat" classname="org.jetbrains.android_benchmark.AndroidBenchmark" time="213.533" />
  <testcase name="mutableRefFloatIn2Longs" classname="org.jetbrains.android_benchmark.AndroidBenchmark" time="213.571" />
  <testcase name="valueInlineFloat" classname="org.jetbrains.android_benchmark.AndroidBenchmark" time="212.818" />
  <testcase name="valueFloat" classname="org.jetbrains.android_benchmark.AndroidBenchmark" time="208.455" />
</testsuite>