<?xml version='1.0' encoding='UTF-8' ?>
<testsuite name="org.jetbrains.android_benchmark.AckermannBenchmark" tests="24" failures="0" errors="0" skipped="0" time="569.467" timestamp="2023-04-19T14:05:32" hostname="localhost">
  <properties>
    <property name="device" value="SM-A515F - 13" />
    <property name="flavor" value="" />
    <property name="project" value=":android-benchmark" />
  </properties>
  <testcase name="mutableRefIntIn1Long" classname="org.jetbrains.android_benchmark.AckermannBenchmark" time="9.018" />
  <testcase name="valueInt" classname="org.jetbrains.android_benchmark.AckermannBenchmark" time="9.408" />
  <testcase name="mutableRefLong" classname="org.jetbrains.android_benchmark.AckermannBenchmark" time="6.376" />
  <testcase name="valueLong" classname="org.jetbrains.android_benchmark.AckermannBenchmark" time="9.266" />
  <testcase name="baselineLong" classname="org.jetbrains.android_benchmark.AckermannBenchmark" time="17.264" />
  <testcase name="valuePreserveBoxLong" classname="org.jetbrains.android_benchmark.AckermannBenchmark" time="8.413" />
  <testcase name="baselineInt" classname="org.jetbrains.android_benchmark.AckermannBenchmark" time="10.651" />
  <testcase name="valuePreserveBoxInt" classname="org.jetbrains.android_benchmark.AckermannBenchmark" time="7.786" />
  <testcase name="mutableRefIntIn2Longs" classname="org.jetbrains.android_benchmark.AckermannBenchmark" time="6.389" />
  <testcase name="longPackInt" classname="org.jetbrains.android_benchmark.AckermannBenchmark" time="6.478" />
  <testcase name="valueDouble" classname="org.jetbrains.android_benchmark.Wolf3dBenchmark" time="44.707" />
  <testcase name="inlineFloat" classname="org.jetbrains.android_benchmark.Wolf3dBenchmark" time="67.12" />
  <testcase name="valuePreserveBoxDouble" classname="org.jetbrains.android_benchmark.Wolf3dBenchmark" time="39.755" />
  <testcase name="valuePreserveBoxFloat" classname="org.jetbrains.android_benchmark.Wolf3dBenchmark" time="28.865" />
  <testcase name="baselineDouble" classname="org.jetbrains.android_benchmark.Wolf3dBenchmark" time="38.517" />
  <testcase name="valueInlineDouble" classname="org.jetbrains.android_benchmark.Wolf3dBenchmark" time="13.187" />
  <testcase name="inlineDouble" classname="org.jetbrains.android_benchmark.Wolf3dBenchmark" time="86.114" />
  <testcase name="mutableRefDouble" classname="org.jetbrains.android_benchmark.Wolf3dBenchmark" time="12.944" />
  <testcase name="mutableRefFloatIn1Long" classname="org.jetbrains.android_benchmark.Wolf3dBenchmark" time="19.201" />
  <testcase name="baselineFloat" classname="org.jetbrains.android_benchmark.Wolf3dBenchmark" time="32.415" />
  <testcase name="longPackFloat" classname="org.jetbrains.android_benchmark.Wolf3dBenchmark" time="14.768" />
  <testcase name="mutableRefFloatIn2Longs" classname="org.jetbrains.android_benchmark.Wolf3dBenchmark" time="15.668" />
  <testcase name="valueInlineFloat" classname="org.jetbrains.android_benchmark.Wolf3dBenchmark" time="13.989" />
  <testcase name="valueFloat" classname="org.jetbrains.android_benchmark.Wolf3dBenchmark" time="29.604" />
</testsuite>