<?xml version='1.0' encoding='UTF-8' ?>
<testsuite name="org.jetbrains.android_benchmark.FibonacciBenchmark" tests="24" failures="0" errors="0" skipped="0" time="701.875" timestamp="2023-04-17T22:52:10" hostname="localhost">
  <properties>
    <property name="device" value="SM-A515F - 13" />
    <property name="flavor" value="" />
    <property name="project" value=":android-benchmark" />
  </properties>
  <testcase name="mutableRefIntIn1Long" classname="org.jetbrains.android_benchmark.FibonacciBenchmark" time="5.15" />
  <testcase name="valueInt" classname="org.jetbrains.android_benchmark.FibonacciBenchmark" time="9.759" />
  <testcase name="mutableRefLong" classname="org.jetbrains.android_benchmark.FibonacciBenchmark" time="2.712" />
  <testcase name="valueLong" classname="org.jetbrains.android_benchmark.FibonacciBenchmark" time="12.006" />
  <testcase name="baselineLong" classname="org.jetbrains.android_benchmark.FibonacciBenchmark" time="17.632" />
  <testcase name="valuePreserveBoxLong" classname="org.jetbrains.android_benchmark.FibonacciBenchmark" time="17.43" />
  <testcase name="baselineInt" classname="org.jetbrains.android_benchmark.FibonacciBenchmark" time="16.651" />
  <testcase name="valuePreserveBoxInt" classname="org.jetbrains.android_benchmark.FibonacciBenchmark" time="17.107" />
  <testcase name="mutableRefIntIn2Longs" classname="org.jetbrains.android_benchmark.FibonacciBenchmark" time="2.128" />
  <testcase name="longPackInt" classname="org.jetbrains.android_benchmark.FibonacciBenchmark" time="2.031" />
  <testcase name="valueDouble" classname="org.jetbrains.android_benchmark.Wolf3dBenchmark" time="46.489" />
  <testcase name="inlineFloat" classname="org.jetbrains.android_benchmark.Wolf3dBenchmark" time="63.319" />
  <testcase name="valuePreserveBoxDouble" classname="org.jetbrains.android_benchmark.Wolf3dBenchmark" time="40.582" />
  <testcase name="valuePreserveBoxFloat" classname="org.jetbrains.android_benchmark.Wolf3dBenchmark" time="28.945" />
  <testcase name="baselineDouble" classname="org.jetbrains.android_benchmark.Wolf3dBenchmark" time="153.022" />
  <testcase name="valueInlineDouble" classname="org.jetbrains.android_benchmark.Wolf3dBenchmark" time="11.241" />
  <testcase name="inlineDouble" classname="org.jetbrains.android_benchmark.Wolf3dBenchmark" time="84.486" />
  <testcase name="mutableRefDouble" classname="org.jetbrains.android_benchmark.Wolf3dBenchmark" time="12.101" />
  <testcase name="mutableRefFloatIn1Long" classname="org.jetbrains.android_benchmark.Wolf3dBenchmark" time="18.106" />
  <testcase name="baselineFloat" classname="org.jetbrains.android_benchmark.Wolf3dBenchmark" time="34.41" />
  <testcase name="longPackFloat" classname="org.jetbrains.android_benchmark.Wolf3dBenchmark" time="15.351" />
  <testcase name="mutableRefFloatIn2Longs" classname="org.jetbrains.android_benchmark.Wolf3dBenchmark" time="16.737" />
  <testcase name="valueInlineFloat" classname="org.jetbrains.android_benchmark.Wolf3dBenchmark" time="15.085" />
  <testcase name="valueFloat" classname="org.jetbrains.android_benchmark.Wolf3dBenchmark" time="36.941" />
</testsuite>