<?xml version='1.0' encoding='UTF-8' ?>
<testsuite name="org.jetbrains.android_benchmark.AckermannBenchmark" tests="54" failures="0" errors="0" skipped="0" time="916.891" timestamp="2023-05-10T01:23:43" hostname="localhost">
  <properties>
    <property name="device" value="SM-A515F - 13" />
    <property name="flavor" value="" />
    <property name="project" value=":android-benchmark" />
  </properties>
  <testcase name="mutableUniversalRefIntIn1Long" classname="org.jetbrains.android_benchmark.AckermannBenchmark" time="10.686" />
  <testcase name="valueDouble" classname="org.jetbrains.android_benchmark.AckermannBenchmark" time="15.057" />
  <testcase name="valueInt" classname="org.jetbrains.android_benchmark.AckermannBenchmark" time="8.392" />
  <testcase name="mutableSpecificRefFloat" classname="org.jetbrains.android_benchmark.AckermannBenchmark" time="4.995" />
  <testcase name="valuePreserveBoxDouble" classname="org.jetbrains.android_benchmark.AckermannBenchmark" time="17.947" />
  <testcase name="valuePreserveBoxFloat" classname="org.jetbrains.android_benchmark.AckermannBenchmark" time="8.346" />
  <testcase name="valueLong" classname="org.jetbrains.android_benchmark.AckermannBenchmark" time="14.485" />
  <testcase name="mutableUniversalRefLong" classname="org.jetbrains.android_benchmark.AckermannBenchmark" time="6.556" />
  <testcase name="baselineLong" classname="org.jetbrains.android_benchmark.AckermannBenchmark" time="15.38" />
  <testcase name="mutableUniversalRefDouble" classname="org.jetbrains.android_benchmark.AckermannBenchmark" time="4.553" />
  <testcase name="baselineDouble" classname="org.jetbrains.android_benchmark.AckermannBenchmark" time="18.59" />
  <testcase name="valuePreserveBoxLong" classname="org.jetbrains.android_benchmark.AckermannBenchmark" time="12.532" />
  <testcase name="mutableSpecificRefDouble" classname="org.jetbrains.android_benchmark.AckermannBenchmark" time="6.283" />
  <testcase name="baselineFloat" classname="org.jetbrains.android_benchmark.AckermannBenchmark" time="9.729" />
  <testcase name="longPackFloat" classname="org.jetbrains.android_benchmark.AckermannBenchmark" time="5.647" />
  <testcase name="baselineInt" classname="org.jetbrains.android_benchmark.AckermannBenchmark" time="10.105" />
  <testcase name="valuePreserveBoxInt" classname="org.jetbrains.android_benchmark.AckermannBenchmark" time="8.941" />
  <testcase name="mutableSpecificRefLong" classname="org.jetbrains.android_benchmark.AckermannBenchmark" time="6.518" />
  <testcase name="mutableUniversalRefIntIn2Longs" classname="org.jetbrains.android_benchmark.AckermannBenchmark" time="6.249" />
  <testcase name="mutableUniversalRefFloatIn2Longs" classname="org.jetbrains.android_benchmark.AckermannBenchmark" time="6.619" />
  <testcase name="mutableUniversalRefFloatIn1Long" classname="org.jetbrains.android_benchmark.AckermannBenchmark" time="6.594" />
  <testcase name="longPackInt" classname="org.jetbrains.android_benchmark.AckermannBenchmark" time="5.708" />
  <testcase name="valueFloat" classname="org.jetbrains.android_benchmark.AckermannBenchmark" time="8.079" />
  <testcase name="mutableSpecificRefInt" classname="org.jetbrains.android_benchmark.AckermannBenchmark" time="6.118" />
  <testcase name="valueDouble" classname="org.jetbrains.android_benchmark.BoxRecreationBenchmark" time="17.791" />
  <testcase name="valueInt" classname="org.jetbrains.android_benchmark.BoxRecreationBenchmark" time="17.474" />
  <testcase name="valuePreserveBoxDouble" classname="org.jetbrains.android_benchmark.BoxRecreationBenchmark" time="5.488" />
  <testcase name="valuePreserveBoxFloat" classname="org.jetbrains.android_benchmark.BoxRecreationBenchmark" time="4.541" />
  <testcase name="valueLong" classname="org.jetbrains.android_benchmark.BoxRecreationBenchmark" time="18.292" />
  <testcase name="baselineLong" classname="org.jetbrains.android_benchmark.BoxRecreationBenchmark" time="9.399" />
  <testcase name="baselineDouble" classname="org.jetbrains.android_benchmark.BoxRecreationBenchmark" time="6.833" />
  <testcase name="valuePreserveBoxLong" classname="org.jetbrains.android_benchmark.BoxRecreationBenchmark" time="6.623" />
  <testcase name="baselineFloat" classname="org.jetbrains.android_benchmark.BoxRecreationBenchmark" time="4.477" />
  <testcase name="longPackFloat" classname="org.jetbrains.android_benchmark.BoxRecreationBenchmark" time="17.492" />
  <testcase name="baselineInt" classname="org.jetbrains.android_benchmark.BoxRecreationBenchmark" time="3.855" />
  <testcase name="valuePreserveBoxInt" classname="org.jetbrains.android_benchmark.BoxRecreationBenchmark" time="3.537" />
  <testcase name="longPackInt" classname="org.jetbrains.android_benchmark.BoxRecreationBenchmark" time="18.32" />
  <testcase name="valueFloat" classname="org.jetbrains.android_benchmark.BoxRecreationBenchmark" time="16.299" />
  <testcase name="valueDouble" classname="org.jetbrains.android_benchmark.Wolf3dBenchmark" time="47.064" />
  <testcase name="inlineFloat" classname="org.jetbrains.android_benchmark.Wolf3dBenchmark" time="74.602" />
  <testcase name="mutableSpecificRefFloat" classname="org.jetbrains.android_benchmark.Wolf3dBenchmark" time="12.802" />
  <testcase name="valuePreserveBoxDouble" classname="org.jetbrains.android_benchmark.Wolf3dBenchmark" time="44.463" />
  <testcase name="valuePreserveBoxFloat" classname="org.jetbrains.android_benchmark.Wolf3dBenchmark" time="29.513" />
  <testcase name="mutableUniversalRefDouble" classname="org.jetbrains.android_benchmark.Wolf3dBenchmark" time="14.056" />
  <testcase name="baselineDouble" classname="org.jetbrains.android_benchmark.Wolf3dBenchmark" time="42.579" />
  <testcase name="valueInlineDouble" classname="org.jetbrains.android_benchmark.Wolf3dBenchmark" time="13.005" />
  <testcase name="inlineDouble" classname="org.jetbrains.android_benchmark.Wolf3dBenchmark" time="91.348" />
  <testcase name="mutableSpecificRefDouble" classname="org.jetbrains.android_benchmark.Wolf3dBenchmark" time="11.205" />
  <testcase name="baselineFloat" classname="org.jetbrains.android_benchmark.Wolf3dBenchmark" time="34.526" />
  <testcase name="longPackFloat" classname="org.jetbrains.android_benchmark.Wolf3dBenchmark" time="12.51" />
  <testcase name="valueInlineFloat" classname="org.jetbrains.android_benchmark.Wolf3dBenchmark" time="14.804" />
  <testcase name="mutableUniversalRefFloatIn2Longs" classname="org.jetbrains.android_benchmark.Wolf3dBenchmark" time="14.86" />
  <testcase name="mutableUniversalRefFloatIn1Long" classname="org.jetbrains.android_benchmark.Wolf3dBenchmark" time="18.244" />
  <testcase name="valueFloat" classname="org.jetbrains.android_benchmark.Wolf3dBenchmark" time="31.36" />
</testsuite>