<?xml version='1.0' encoding='UTF-8' ?>
<testsuite name="org.jetbrains.android_benchmark.FibonacciBenchmark" tests="24" failures="0" errors="0" skipped="0" time="387.823" timestamp="2023-04-16T02:39:17" hostname="localhost">
  <properties>
    <property name="device" value="SM-A515F - 13" />
    <property name="flavor" value="" />
    <property name="project" value=":android-benchmark" />
  </properties>
  <testcase name="mutableRefIntIn1Long" classname="org.jetbrains.android_benchmark.FibonacciBenchmark" time="5.51" />
  <testcase name="valueInt" classname="org.jetbrains.android_benchmark.FibonacciBenchmark" time="4.339" />
  <testcase name="mutableRefLong" classname="org.jetbrains.android_benchmark.FibonacciBenchmark" time="2.284" />
  <testcase name="valueLong" classname="org.jetbrains.android_benchmark.FibonacciBenchmark" time="4.227" />
  <testcase name="baselineLong" classname="org.jetbrains.android_benchmark.FibonacciBenchmark" time="111.861" />
  <testcase name="valuePreserveBoxLong" classname="org.jetbrains.android_benchmark.FibonacciBenchmark" time="16.031" />
  <testcase name="baselineInt" classname="org.jetbrains.android_benchmark.FibonacciBenchmark" time="17.022" />
  <testcase name="valuePreserveBoxInt" classname="org.jetbrains.android_benchmark.FibonacciBenchmark" time="17.416" />
  <testcase name="mutableRefIntIn2Longs" classname="org.jetbrains.android_benchmark.FibonacciBenchmark" time="2.155" />
  <testcase name="longPackInt" classname="org.jetbrains.android_benchmark.FibonacciBenchmark" time="2.012" />
  <testcase name="valueDouble" classname="org.jetbrains.android_benchmark.Wolf3dBenchmark" time="15.49" />
  <testcase name="inlineFloat" classname="org.jetbrains.android_benchmark.Wolf3dBenchmark" time="15.756" />
  <testcase name="valuePreserveBoxDouble" classname="org.jetbrains.android_benchmark.Wolf3dBenchmark" time="15.724" />
  <testcase name="valuePreserveBoxFloat" classname="org.jetbrains.android_benchmark.Wolf3dBenchmark" time="16.302" />
  <testcase name="baselineDouble" classname="org.jetbrains.android_benchmark.Wolf3dBenchmark" time="15.578" />
  <testcase name="valueInlineDouble" classname="org.jetbrains.android_benchmark.Wolf3dBenchmark" time="7.473" />
  <testcase name="inlineDouble" classname="org.jetbrains.android_benchmark.Wolf3dBenchmark" time="15.431" />
  <testcase name="mutableRefDouble" classname="org.jetbrains.android_benchmark.Wolf3dBenchmark" time="10.759" />
  <testcase name="mutableRefFloatIn1Long" classname="org.jetbrains.android_benchmark.Wolf3dBenchmark" time="13.591" />
  <testcase name="baselineFloat" classname="org.jetbrains.android_benchmark.Wolf3dBenchmark" time="17.066" />
  <testcase name="longPackFloat" classname="org.jetbrains.android_benchmark.Wolf3dBenchmark" time="12.973" />
  <testcase name="mutableRefFloatIn2Longs" classname="org.jetbrains.android_benchmark.Wolf3dBenchmark" time="11.702" />
  <testcase name="valueInlineFloat" classname="org.jetbrains.android_benchmark.Wolf3dBenchmark" time="8.584" />
  <testcase name="valueFloat" classname="org.jetbrains.android_benchmark.Wolf3dBenchmark" time="17.415" />
</testsuite>